<?xml version="1.0" encoding="UTF-8"?>
<!-- Generated by org.testng.reporters.JUnitReportReporter -->
<testsuite hostname="LAPTOP-TJ90QNAB" name="applicationPackage.Appsource" tests="1" failures="0" timestamp="1 May 2018 18:43:43 GMT" time="0.015" errors="0">
  <testcase name="verifysum" time="0.015" classname="applicationPackage.Appsource"/>
</testsuite> <!-- applicationPackage.Appsource -->
